app/build/intermediates/manifest_merge_blame_file/debug/manifest-merger-blame-debug-report.txt
1<?xml version="1.0" encoding="utf-8"?>
2<manifest xmlns:android="http://schemas.android.com/apk/res/android"
3    package="com.example.kapona32"
4    android:versionCode="1"
5    android:versionName="1.0" >
6
7    <uses-sdk
8        android:minSdkVersion="24"
8-->src\main\AndroidManifest.xml
9        android:targetSdkVersion="30" />
9-->src\main\AndroidManifest.xml
10
11    <!-- Utilisation d'internet pour retrouver les informations des produits avec l'URL (json) -->
12    <uses-permission android:name="android.permission.INTERNET" />
12-->src\main\AndroidManifest.xml:8:5-67
12-->src\main\AndroidManifest.xml:8:22-64
13
14    <!-- Autorisations pour l'utilisation de la caméra -->
15    <uses-permission android:name="android.permission.CAMERA" />
15-->src\main\AndroidManifest.xml:11:5-65
15-->src\main\AndroidManifest.xml:11:22-62
16
17    <uses-feature android:name="android.hardware.camera" />
17-->src\main\AndroidManifest.xml:12:5-60
17-->src\main\AndroidManifest.xml:12:19-57
18    <uses-feature android:name="android.hardware.camera.autofocus" />
18-->src\main\AndroidManifest.xml:13:5-70
18-->src\main\AndroidManifest.xml:13:19-67
19    <uses-feature
19-->[com.journeyapps:zxing-android-embedded:4.2.0] AndroidManifest.xml:28:5-30:36
20        android:name="android.hardware.camera.front"
20-->[com.journeyapps:zxing-android-embedded:4.2.0] AndroidManifest.xml:29:9-53
21        android:required="false" />
21-->[com.journeyapps:zxing-android-embedded:4.2.0] AndroidManifest.xml:30:9-33
22    <uses-feature
22-->[com.journeyapps:zxing-android-embedded:4.2.0] AndroidManifest.xml:36:5-38:36
23        android:name="android.hardware.camera.flash"
23-->[com.journeyapps:zxing-android-embedded:4.2.0] AndroidManifest.xml:37:9-53
24        android:required="false" />
24-->[com.journeyapps:zxing-android-embedded:4.2.0] AndroidManifest.xml:38:9-33
25    <uses-feature
25-->[com.journeyapps:zxing-android-embedded:4.2.0] AndroidManifest.xml:39:5-41:36
26        android:name="android.hardware.screen.landscape"
26-->[com.journeyapps:zxing-android-embedded:4.2.0] AndroidManifest.xml:40:9-57
27        android:required="false" />
27-->[com.journeyapps:zxing-android-embedded:4.2.0] AndroidManifest.xml:41:9-33
28    <uses-feature
28-->[com.journeyapps:zxing-android-embedded:4.2.0] AndroidManifest.xml:42:5-44:36
29        android:name="android.hardware.wifi"
29-->[com.journeyapps:zxing-android-embedded:4.2.0] AndroidManifest.xml:43:9-45
30        android:required="false" />
30-->[com.journeyapps:zxing-android-embedded:4.2.0] AndroidManifest.xml:44:9-33
31
32    <application
32-->src\main\AndroidManifest.xml:15:5-39:19
33        android:allowBackup="true"
33-->src\main\AndroidManifest.xml:16:9-35
34        android:appComponentFactory="androidx.core.app.CoreComponentFactory"
34-->[androidx.core:core:1.3.1] AndroidManifest.xml:24:18-86
35        android:debuggable="true"
36        android:extractNativeLibs="false"
37        android:icon="@mipmap/ic_launcher"
37-->src\main\AndroidManifest.xml:17:9-43
38        android:label="@string/app_name"
38-->src\main\AndroidManifest.xml:18:9-41
39        android:roundIcon="@mipmap/ic_launcher_round"
39-->src\main\AndroidManifest.xml:19:9-54
40        android:supportsRtl="true"
40-->src\main\AndroidManifest.xml:20:9-35
41        android:testOnly="true"
42        android:theme="@style/Theme.Kapona30" >
42-->src\main\AndroidManifest.xml:21:9-46
43        <activity android:name="com.example.kapona30.MainActivity" >
43-->src\main\AndroidManifest.xml:22:9-27:20
43-->src\main\AndroidManifest.xml:22:19-47
44            <intent-filter>
44-->src\main\AndroidManifest.xml:23:13-26:29
45                <action android:name="android.intent.action.MAIN" />
45-->src\main\AndroidManifest.xml:24:17-69
45-->src\main\AndroidManifest.xml:24:25-66
46
47                <category android:name="android.intent.category.LAUNCHER" />
47-->src\main\AndroidManifest.xml:25:17-77
47-->src\main\AndroidManifest.xml:25:27-74
48            </intent-filter>
49        </activity>
50        <activity
50-->src\main\AndroidManifest.xml:28:9-32:62
51            android:name="com.example.kapona30.CaptureAct"
51-->src\main\AndroidManifest.xml:29:13-39
52            android:screenOrientation="portrait"
52-->src\main\AndroidManifest.xml:30:13-49
53            android:stateNotNeeded="true"
53-->src\main\AndroidManifest.xml:31:13-42
54            android:windowSoftInputMode="stateAlwaysHidden" />
54-->src\main\AndroidManifest.xml:32:13-60
55        <activity
55-->src\main\AndroidManifest.xml:33:9-35:57
56            android:name="com.example.kapona30.ActivityProduit"
56-->src\main\AndroidManifest.xml:34:13-44
57            android:parentActivityName="com.example.kapona30.MainActivity" />
57-->src\main\AndroidManifest.xml:35:13-55
58        <activity
58-->src\main\AndroidManifest.xml:36:9-38:57
59            android:name="com.example.kapona30.Allergenes"
59-->src\main\AndroidManifest.xml:37:13-39
60            android:parentActivityName="com.example.kapona30.MainActivity" />
60-->src\main\AndroidManifest.xml:38:13-55
61        <activity
61-->[com.journeyapps:zxing-android-embedded:4.2.0] AndroidManifest.xml:47:9-53:63
62            android:name="com.journeyapps.barcodescanner.CaptureActivity"
62-->[com.journeyapps:zxing-android-embedded:4.2.0] AndroidManifest.xml:48:13-74
63            android:clearTaskOnLaunch="true"
63-->[com.journeyapps:zxing-android-embedded:4.2.0] AndroidManifest.xml:49:13-45
64            android:screenOrientation="sensorLandscape"
64-->[com.journeyapps:zxing-android-embedded:4.2.0] AndroidManifest.xml:50:13-56
65            android:stateNotNeeded="true"
65-->[com.journeyapps:zxing-android-embedded:4.2.0] AndroidManifest.xml:51:13-42
66            android:theme="@style/zxing_CaptureTheme"
66-->[com.journeyapps:zxing-android-embedded:4.2.0] AndroidManifest.xml:52:13-54
67            android:windowSoftInputMode="stateAlwaysHidden" />
67-->[com.journeyapps:zxing-android-embedded:4.2.0] AndroidManifest.xml:53:13-60
68
69        <provider
69-->[com.squareup.picasso:picasso:2.71828] AndroidManifest.xml:8:9-11:40
70            android:name="com.squareup.picasso.PicassoProvider"
70-->[com.squareup.picasso:picasso:2.71828] AndroidManifest.xml:9:13-64
71            android:authorities="com.example.kapona32.com.squareup.picasso"
71-->[com.squareup.picasso:picasso:2.71828] AndroidManifest.xml:10:13-72
72            android:exported="false" />
72-->[com.squareup.picasso:picasso:2.71828] AndroidManifest.xml:11:13-37
73
74        <service
74-->[androidx.room:room-runtime:2.2.6] AndroidManifest.xml:25:9-28:40
75            android:name="androidx.room.MultiInstanceInvalidationService"
75-->[androidx.room:room-runtime:2.2.6] AndroidManifest.xml:26:13-74
76            android:directBootAware="true"
76-->[androidx.room:room-runtime:2.2.6] AndroidManifest.xml:27:13-43
77            android:exported="false" />
77-->[androidx.room:room-runtime:2.2.6] AndroidManifest.xml:28:13-37
78    </application>
79
80</manifest>